  dataset        a v_congruent t0_congruent v_incongruent t0_incongruent  penalty      fit     time   method
 flanker_std_DDM_subject10   1.1476   5.0002   0.3536   4.1245   0.3927   0.0000 -87.2530   0.0050       ML
 flanker_std_DDM_subject100   2.1851   6.2775   0.3810   3.0361   0.3567   0.0000 -56.9419   0.0040       ML
 flanker_std_DDM_subject101   2.1348   3.7810   0.4293   2.3467   0.3634   0.0000 -23.3951   0.0040       ML
 flanker_std_DDM_subject102   1.5579   4.7857   0.3446   2.6341   0.3196   0.0000 -51.1654   0.0050       ML
 flanker_std_DDM_subject103  10.0000  15.3176   0.1442  10.9303   0.1028   0.0000 -104.3925   0.0070       ML
 flanker_std_DDM_subject104   1.3259   6.1521   0.3107   3.2219   0.2875   0.0000 -79.6436   0.0050       ML
 flanker_std_DDM_subject105   1.6288   6.1356   0.3072   4.1407   0.3556   0.0000 -81.0580   0.0050       ML
 flanker_std_DDM_subject106   1.2192   6.4268   0.3187   2.7185   0.3043   0.0000 -79.1287   0.0060       ML
 flanker_std_DDM_subject108   2.7511   5.4716   0.3242   5.5314   0.3707   0.0000 -68.5966   0.0060       ML
 flanker_std_DDM_subject109   2.5577   6.2382   0.3899   6.7877   0.4310   0.0000 -85.2713   0.0050       ML
 flanker_std_DDM_subject110   1.9742   6.0577   0.2880   6.2745   0.3827   0.0000 -91.5122   0.0050       ML
 flanker_std_DDM_subject111   3.9469   9.6957   0.3039   8.3935   0.3480   0.0000 -101.2026   0.0050       ML
 flanker_std_DDM_subject112   1.4827   3.7071   0.3135   1.5619   0.2685   0.0000 -25.5627   0.0040       ML
 flanker_std_DDM_subject113   2.5717   4.3155   0.2638   4.5473   0.3642   0.0000 -51.7637   0.0050       ML
 flanker_std_DDM_subject114   1.0499   4.8861   0.3364   3.8186   0.3981   0.0000 -85.5542   0.0050       ML
 flanker_std_DDM_subject115   1.9667   6.2556   0.3495   2.5093   0.4043   0.0000 -53.1759   0.0050       ML
 flanker_std_DDM_subject117   1.2763   3.4909   0.3181   1.9695   0.3441   0.0000 -37.2808   0.0030       ML
 flanker_std_DDM_subject118   2.0877   5.0361   0.3725   4.7454   0.4615   0.0000 -68.6139   0.0050       ML
 flanker_std_DDM_subject119   1.9038   3.4152   0.4235   3.1050   0.5039   0.0000 -36.7169   0.0050       ML
 flanker_std_DDM_subject12   1.6510   4.1445   0.3019   4.9740   0.3843   0.0000 -71.1766   0.0040       ML
 flanker_std_DDM_subject120   8.9873   8.6052   0.0000   9.4555   0.1093   0.0000 -73.4684   0.0050       ML
 flanker_std_DDM_subject121   0.9297   3.6763   0.3425   1.4292   0.3519   0.0000 -49.3766   0.0040       ML
 flanker_std_DDM_subject122   1.3956   5.1321   0.3661   3.7369   0.3844   0.0000 -75.6881   0.0030       ML
 flanker_std_DDM_subject123   2.0024   5.1203   0.3350   5.2440   0.4128   0.0000 -75.6145   0.0030       ML
 flanker_std_DDM_subject125   0.8192   4.5726   0.3385   2.1549   0.3558   0.0000 -78.3292   0.0040       ML
 flanker_std_DDM_subject126   1.3436   5.4834   0.3832   1.4895   0.3869   0.0000 -47.1144   0.0050       ML
 flanker_std_DDM_subject128   1.4556   4.0132   0.3564   2.8556   0.4105   0.0000 -50.4595   0.0040       ML
 flanker_std_DDM_subject129   1.3436   2.5402   0.3442   1.7816   0.4108   0.0000 -18.4037   0.0030       ML
 flanker_std_DDM_subject13   2.6437   7.7277   0.3857   5.5685   0.4087   0.0000 -85.0703   0.0040       ML
 flanker_std_DDM_subject130   4.9633   9.0501   0.3048   8.7093   0.3503   0.0000 -91.8615   0.0060       ML
 flanker_std_DDM_subject131   2.5380   4.2246   0.3392   3.8095   0.3664   0.0000 -43.5398   0.0050       ML
 flanker_std_DDM_subject132   1.2255   4.3127   0.3554   2.1302   0.3175   0.0000 -53.4553   0.0050       ML
 flanker_std_DDM_subject133   1.9207   5.4805   0.3350   3.2289   0.3011   0.0000 -58.7140   0.0040       ML
 flanker_std_DDM_subject134   1.2629   3.5543   0.3846   3.3436   0.4478   0.0000 -58.2375   0.0030       ML
 flanker_std_DDM_subject135   1.0704   4.3478   0.3159   2.5162   0.3619   0.0000 -66.4988   0.0040       ML
 flanker_std_DDM_subject14   1.9531   4.7379   0.4503   5.3256   0.5172   0.0000 -72.8626   0.0040       ML
 flanker_std_DDM_subject15   1.2917   4.3301   0.3901   4.0650   0.4563   0.0000 -73.9744   0.0040       ML
 flanker_std_DDM_subject17   1.4063   5.6619   0.3728   2.7768   0.3460   0.0000 -68.5278   0.0130       ML
 flanker_std_DDM_subject18   2.1950   4.8931   0.4139   3.1247   0.3678   0.0000 -47.1393   0.0050       ML
 flanker_std_DDM_subject19   1.1051   3.7290   0.3044   2.0808   0.3187   0.0000 -52.3831   0.0050       ML
 flanker_std_DDM_subject2   9.9999  13.6136   0.1598  15.5640   0.2730   0.0000 -115.5351   0.0090       ML
 flanker_std_DDM_subject20   0.8882   4.5887   0.3543   2.4771   0.4016   0.0000 -78.2602   0.0060       ML
 flanker_std_DDM_subject21   1.1324   6.1426   0.3498   2.8225   0.3555   0.0000 -82.3749   0.0040       ML
 flanker_std_DDM_subject22   9.9806  10.4313   0.0000  10.2016   0.0499   0.0000 -82.7038   0.0070       ML
 flanker_std_DDM_subject23   1.3735   4.9428   0.3335   2.6406   0.3089   0.0000 -60.5519   0.0050       ML
 flanker_std_DDM_subject24   1.1385   3.7611   0.3152   2.9080   0.3589   0.0000 -60.1584   0.0030       ML
 flanker_std_DDM_subject25   1.7965   4.1651   0.2684   2.6816   0.2402   0.0000 -42.0357   0.0040       ML
 flanker_std_DDM_subject27   4.1310   6.8068   0.2661   6.1936   0.2597   0.0000 -69.0132   0.0050       ML
 flanker_std_DDM_subject28   1.5600   4.8914   0.3697   3.4884   0.3935   0.0000 -65.7862   0.0040       ML
 flanker_std_DDM_subject3   2.6047   4.2649   0.3273   2.6458   0.2806   0.0000 -26.7828   0.0040       ML
 flanker_std_DDM_subject30   0.9098   5.1046   0.3936   4.9412   0.4272   0.0000 -103.8168   0.0040       ML
 flanker_std_DDM_subject31   1.4017   3.6958   0.3461   2.2967   0.3717   0.0000 -39.5495   0.0030       ML
 flanker_std_DDM_subject32   3.3223  11.2840   0.3023   7.6688   0.3246   0.0000 -110.1086   0.0060       ML
 flanker_std_DDM_subject34   1.2183   5.5425   0.2760   3.0010   0.3019   0.0000 -74.2429   0.0020       ML
 flanker_std_DDM_subject35   1.5166   4.4090   0.4275   1.8675   0.3211   0.0000 -37.9299   0.0030       ML
 flanker_std_DDM_subject36   1.6578   3.4914   0.4146   3.7373   0.4815   0.0000 -51.5494   0.0030       ML
 flanker_std_DDM_subject37  10.0000  11.6014   0.0695  11.4884   0.1455   0.0000 -93.8707   0.0120       ML
 flanker_std_DDM_subject39   1.4099   3.6210   0.3393   3.5865   0.3841   0.0000 -57.3297   0.0060       ML
 flanker_std_DDM_subject4   1.4838   7.1853   0.3737   5.6108   0.4085   0.0000 -105.3010   0.0050       ML
 flanker_std_DDM_subject42  10.0000  11.2542   0.0885  11.8729   0.1870   0.0000 -93.6920   0.0090       ML
 flanker_std_DDM_subject43   0.9187   4.9886   0.3732   3.3210   0.3970   0.0000 -87.5851   0.0050       ML
 flanker_std_DDM_subject45   2.0935   5.3805   0.3098   2.4661   0.3052   0.0000 -43.9525   0.0040       ML
 flanker_std_DDM_subject46   1.1184   5.9222   0.4121   2.5999   0.4033   0.0000 -74.5444   0.0040       ML
 flanker_std_DDM_subject47   1.8716   5.2457   0.3293   4.0734   0.3752   0.0000 -66.7653   0.0040       ML
 flanker_std_DDM_subject48   1.7611   4.5713   0.4365   4.3910   0.4890   0.0000 -66.1607   0.0050       ML
 flanker_std_DDM_subject5   1.1320   3.9807   0.3661   2.7997   0.4033   0.0000 -61.8337   0.0040       ML
 flanker_std_DDM_subject50   4.2739   6.7444   0.2295   5.0000   0.2422   0.0000 -57.5327   0.0040       ML
 flanker_std_DDM_subject51   0.9632   3.9269   0.2796   1.5675   0.3086   0.0000 -55.2310   0.0040       ML
 flanker_std_DDM_subject52   4.2436   7.2463   0.2542   7.0217   0.3182   0.0000 -75.6224   0.0050       ML
 flanker_std_DDM_subject53   1.0365   7.0193   0.3279   2.8959   0.3325   0.0000 -92.7164   0.0050       ML
 flanker_std_DDM_subject54   3.0829   7.1879   0.3344   7.6240   0.4454   0.0000 -91.5509   0.0050       ML
 flanker_std_DDM_subject56   2.9066   7.1719   0.2761   5.8863   0.3016   0.0000 -81.7555   0.0050       ML
 flanker_std_DDM_subject57   1.4267   4.4428   0.3340   3.1367   0.3529   0.0000 -60.1845   0.0040       ML
 flanker_std_DDM_subject58   1.3341   4.0223   0.4912   3.7703   0.5750   0.0000 -66.3370   0.0050       ML
 flanker_std_DDM_subject6   1.1287   4.0988   0.3665   3.4213   0.4064   0.0000 -70.9795   0.0060       ML
 flanker_std_DDM_subject60   0.9382   3.3289   0.3477   2.1972   0.3591   0.0000 -56.0841   0.0050       ML
 flanker_std_DDM_subject62   1.2042   2.1301   0.3157   1.2965   0.3408   0.0000  -7.5581   0.0040       ML
 flanker_std_DDM_subject63   1.4669   4.6954   0.3744   2.7387   0.3891   0.0000 -55.3412   0.0040       ML
 flanker_std_DDM_subject64   0.9347   3.6013   0.3267   1.4243   0.3318   0.0000 -48.2129   0.0060       ML
 flanker_std_DDM_subject65   3.1972   7.3416   0.2595   6.9782   0.3061   0.0000 -84.4587   0.0070       ML
 flanker_std_DDM_subject66   1.1516   3.4870   0.3540   2.2725   0.3803   0.0000 -46.6388   0.0060       ML
 flanker_std_DDM_subject67   1.6709   2.2894   0.3831   2.2141   0.4503   0.0000 -10.6193   0.0040       ML
 flanker_std_DDM_subject68   2.1950   6.0128   0.3535   5.6704   0.4228   0.0000 -82.5834   0.0050       ML
 flanker_std_DDM_subject69   1.2802   2.2440   0.3637   2.4063   0.4382   0.0000 -24.5050   0.0040       ML
 flanker_std_DDM_subject70   1.1668   4.0645   0.3373   2.0458   0.3559   0.0000 -51.2883   0.0040       ML
 flanker_std_DDM_subject71   3.1855   5.0358   0.3641   4.7969   0.4602   0.0000 -52.9219   0.0050       ML
 flanker_std_DDM_subject72   1.2276   6.5816   0.3562   4.1365   0.3952   0.0000 -96.0089   0.0050       ML
 flanker_std_DDM_subject73   1.6863   1.1879   0.4649   1.2260   0.5334   0.0000  32.4814   0.0040       ML
 flanker_std_DDM_subject75   4.1326   7.0497   0.3238   5.6874   0.3673   0.0000 -65.5354   0.0040       ML
 flanker_std_DDM_subject76   1.5391   4.4190   0.3765   2.9304   0.3792   0.0000 -55.0574   0.0050       ML
 flanker_std_DDM_subject78   1.0997   5.3907   0.4100   2.9437   0.3909   0.0000 -74.0647   0.0050       ML
 flanker_std_DDM_subject8   1.7410   6.2855   0.3452   8.2829   0.4780   0.0000 -110.3329   0.0060       ML
 flanker_std_DDM_subject80   2.8404   6.2905   0.2757   8.0066   0.4038   0.0000 -90.7040   0.0050       ML
 flanker_std_DDM_subject81   1.2328   3.5082   0.3993   2.9526   0.4033   0.0000 -54.3494   0.0040       ML
 flanker_std_DDM_subject83   1.6502   6.3927   0.3251   3.2861   0.2906   0.0000 -72.5764   0.0040       ML
 flanker_std_DDM_subject84   9.9013   9.5972   0.0004   9.2195   0.0570   0.0000 -74.3420   0.0060       ML
 flanker_std_DDM_subject85   1.6553   5.9226   0.3835   5.8188   0.4395   0.0000 -94.1449   0.0050       ML
 flanker_std_DDM_subject86   1.3446   4.0081   0.3878   2.4082   0.4163   0.0000 -48.8229   0.0040       ML
 flanker_std_DDM_subject88   3.5219   7.6858   0.3182   5.3708   0.2985   0.0000 -72.9923   0.0040       ML
 flanker_std_DDM_subject91   2.1981   6.0156   0.3800   4.8226   0.4257   0.0000 -75.2261   0.0060       ML
 flanker_std_DDM_subject92   1.1939   4.2834   0.3295   2.5661   0.3760   0.0000 -61.9030   0.0050       ML
 flanker_std_DDM_subject93   1.4879   3.0404   0.3224   2.3930   0.3266   0.0000 -31.3782   0.0040       ML
 flanker_std_DDM_subject94   1.1773   2.9505   0.3233   1.1788   0.3078   0.0000 -19.9612   0.0040       ML
 flanker_std_DDM_subject95   1.4890   2.3410   0.3597   2.8274   0.4068   0.0000 -26.3605   0.0040       ML
 flanker_std_DDM_subject96   1.4538   5.0085   0.3831   4.5565   0.4360   0.0000 -81.0150   0.0040       ML
 flanker_std_DDM_subject97   1.1909   4.6719   0.3564   1.1151   0.3139   0.0000 -37.5521   0.0040       ML
 flanker_std_DDM_subject98   1.1683   6.2849   0.3899   5.9551   0.4550   0.0000 -112.1076   0.0040       ML
 flanker_std_DDM_subject10   1.1476   5.0002   0.3536   4.1245   0.3927   0.0000 -87.2530   0.0040       ML
 flanker_std_DDM_subject100   2.1851   6.2775   0.3810   3.0361   0.3567   0.0000 -56.9419   0.0040       ML
 flanker_std_DDM_subject101   2.1348   3.7810   0.4293   2.3467   0.3634   0.0000 -23.3951   0.0040       ML
 flanker_std_DDM_subject102   1.5579   4.7857   0.3446   2.6341   0.3196   0.0000 -51.1654   0.0050       ML
 flanker_std_DDM_subject103  10.0000  15.3176   0.1442  10.9303   0.1028   0.0000 -104.3925   0.0080       ML
 flanker_std_DDM_subject104   1.3259   6.1521   0.3107   3.2219   0.2875   0.0000 -79.6436   0.0050       ML
 flanker_std_DDM_subject105   1.6288   6.1356   0.3072   4.1407   0.3556   0.0000 -81.0580   0.0040       ML
 flanker_std_DDM_subject106   1.2192   6.4268   0.3187   2.7185   0.3043   0.0000 -79.1287   0.0050       ML
 flanker_std_DDM_subject108   2.7511   5.4716   0.3242   5.5314   0.3707   0.0000 -68.5966   0.0050       ML
 flanker_std_DDM_subject109   2.5577   6.2382   0.3899   6.7877   0.4310   0.0000 -85.2713   0.0050       ML
 flanker_std_DDM_subject110   1.9742   6.0577   0.2880   6.2745   0.3827   0.0000 -91.5122   0.0050       ML
 flanker_std_DDM_subject111   3.9469   9.6957   0.3039   8.3935   0.3480   0.0000 -101.2026   0.0050       ML
 flanker_std_DDM_subject112   1.4827   3.7071   0.3135   1.5619   0.2685   0.0000 -25.5627   0.0040       ML
 flanker_std_DDM_subject113   2.5717   4.3155   0.2638   4.5473   0.3642   0.0000 -51.7637   0.0060       ML
 flanker_std_DDM_subject114   1.0499   4.8861   0.3364   3.8186   0.3981   0.0000 -85.5542   0.0070       ML
 flanker_std_DDM_subject115   1.9667   6.2556   0.3495   2.5093   0.4043   0.0000 -53.1759   0.0060       ML
 flanker_std_DDM_subject117   1.2763   3.4909   0.3181   1.9695   0.3441   0.0000 -37.2808   0.0040       ML
 flanker_std_DDM_subject118   2.0877   5.0361   0.3725   4.7454   0.4615   0.0000 -68.6139   0.0050       ML
 flanker_std_DDM_subject119   1.9038   3.4152   0.4235   3.1050   0.5039   0.0000 -36.7169   0.0040       ML
 flanker_std_DDM_subject12   1.6510   4.1445   0.3019   4.9740   0.3843   0.0000 -71.1766   0.0040       ML
 flanker_std_DDM_subject120   8.9873   8.6052   0.0000   9.4555   0.1093   0.0000 -73.4684   0.0060       ML
 flanker_std_DDM_subject121   0.9297   3.6763   0.3425   1.4292   0.3519   0.0000 -49.3766   0.0030       ML
 flanker_std_DDM_subject122   1.3956   5.1321   0.3661   3.7369   0.3844   0.0000 -75.6881   0.0030       ML
 flanker_std_DDM_subject123   2.0024   5.1203   0.3350   5.2440   0.4128   0.0000 -75.6145   0.0050       ML
 flanker_std_DDM_subject125   0.8192   4.5726   0.3385   2.1549   0.3558   0.0000 -78.3292   0.0050       ML
 flanker_std_DDM_subject126   1.3436   5.4834   0.3832   1.4895   0.3869   0.0000 -47.1144   0.0050       ML
 flanker_std_DDM_subject128   1.4556   4.0132   0.3564   2.8556   0.4105   0.0000 -50.4595   0.0040       ML
 flanker_std_DDM_subject129   1.3436   2.5402   0.3442   1.7816   0.4108   0.0000 -18.4037   0.0040       ML
 flanker_std_DDM_subject13   2.6437   7.7277   0.3857   5.5685   0.4087   0.0000 -85.0703   0.0040       ML
 flanker_std_DDM_subject130   4.9633   9.0501   0.3048   8.7093   0.3503   0.0000 -91.8615   0.0060       ML
 flanker_std_DDM_subject131   2.5380   4.2246   0.3392   3.8095   0.3664   0.0000 -43.5398   0.0040       ML
 flanker_std_DDM_subject132   1.2255   4.3127   0.3554   2.1302   0.3175   0.0000 -53.4553   0.0040       ML
 flanker_std_DDM_subject133   1.9207   5.4805   0.3350   3.2289   0.3011   0.0000 -58.7140   0.0050       ML
 flanker_std_DDM_subject134   1.2629   3.5543   0.3846   3.3436   0.4478   0.0000 -58.2375   0.0040       ML
 flanker_std_DDM_subject135   1.0704   4.3478   0.3159   2.5162   0.3619   0.0000 -66.4988   0.0050       ML
 flanker_std_DDM_subject136   0.9911   4.2881   0.3157   3.6562   0.3858   0.0000 -79.9650   0.0050       ML
 flanker_std_DDM_subject137   0.8270   4.0604   0.3367   1.8851   0.3685   0.0000 -70.7756   0.0050       ML
 flanker_std_DDM_subject138  10.0000  14.5283   0.0801  10.0447   0.0167   0.0000 -97.7876   0.0090       ML
 flanker_std_DDM_subject139   1.2731   5.2333   0.3463   2.0618   0.3593   0.0000 -57.0106   0.0050       ML
 flanker_std_DDM_subject14   1.9531   4.7379   0.4503   5.3256   0.5172   0.0000 -72.8626   0.0050       ML
 flanker_std_DDM_subject142   2.2110   5.5890   0.3323   4.5119   0.3934   0.0000 -68.8788   0.0040       ML
 flanker_std_DDM_subject143   1.1386   5.1130   0.4360   2.4018   0.4777   0.0000 -67.2133   0.0040       ML
 flanker_std_DDM_subject144   1.5646   4.0452   0.3604   3.3080   0.4472   0.0000 -55.1818   0.0030       ML
 flanker_std_DDM_subject145   1.1379   5.5824   0.4042   4.9324   0.4573   0.0000 -99.6519   0.0040       ML
 flanker_std_DDM_subject146   0.9721   6.2446   0.3849   1.7634   0.3678   0.0000 -73.2041   0.0040       ML
 flanker_std_DDM_subject147   1.8559   2.8378   0.3148   2.4412   0.3885   0.0000 -19.5682   0.0030       ML
 flanker_std_DDM_subject148   1.4018   3.1478   0.3185   2.6751   0.3786   0.0000 -40.3459   0.0030       ML
 flanker_std_DDM_subject15   1.2917   4.3301   0.3901   4.0650   0.4563   0.0000 -73.9744   0.0040       ML
 flanker_std_DDM_subject150   1.8536   1.8886   0.3287   1.3832   0.3634   0.0000  20.7096   0.0030       ML
 flanker_std_DDM_subject151   1.6177   4.8185   0.3168   3.3988   0.3230   0.0000 -61.7332   0.0040       ML
 flanker_std_DDM_subject152   1.4025   4.7306   0.3403   3.7854   0.3798   0.0000 -72.5310   0.0040       ML
 flanker_std_DDM_subject154   1.6361   4.6923   0.3252   3.0787   0.3218   0.0000 -57.0589   0.0070       ML
 flanker_std_DDM_subject155   1.5731   4.2624   0.3509   2.9268   0.4160   0.0000 -54.7568   0.0070       ML
 flanker_std_DDM_subject156   1.0106   5.2925   0.3700   2.1684   0.3802   0.0000 -73.5401   0.0050       ML
 flanker_std_DDM_subject157   9.9939   9.4110   0.0530   9.0360   0.1336   0.0000 -72.0794   0.0060       ML
 flanker_std_DDM_subject158   1.9906   4.5679   0.3760   2.1749   0.3031   0.0000 -33.1466   0.0030       ML
 flanker_std_DDM_subject159   3.4225   5.4869   0.2665   6.4947   0.3671   0.0000 -67.0848   0.0050       ML
 flanker_std_DDM_subject160   1.0981   4.7500   0.3771   5.8672   0.4940   0.0000 -99.9023   0.0060       ML
 flanker_std_DDM_subject161   1.7461   7.0045   0.3273   2.6293   0.2809   0.0000 -65.5247   0.0070       ML
 flanker_std_DDM_subject162   1.4868   3.4441   0.3481   3.2341   0.4072   0.0000 -48.6654   0.0050       ML
 flanker_std_DDM_subject163   1.1131   4.3023   0.3794   3.5731   0.4046   0.0000 -75.4974   0.0040       ML
 flanker_std_DDM_subject164   1.1230   4.2963   0.3839   4.0754   0.4617   0.0000 -80.7018   0.0040       ML
 flanker_std_DDM_subject165   4.3261   8.9683   0.2350   7.7376   0.2711   0.0000 -90.6056   0.0050       ML
 flanker_std_DDM_subject166   3.4193   9.1737   0.3990   5.4124   0.3715   0.0000 -82.4689   0.0050       ML
 flanker_std_DDM_subject167   4.6133   7.1938   0.2883   7.1411   0.3596   0.0000 -74.3180   0.0060       ML
 flanker_std_DDM_subject168   3.4979   8.5684   0.2636   5.5360   0.2920   0.0000 -80.4175   0.0050       ML
 flanker_std_DDM_subject169   1.2707   4.5440   0.3806   2.2346   0.3384   0.0000 -54.4464   0.0040       ML
 flanker_std_DDM_subject17   1.4063   5.6619   0.3728   2.7768   0.3460   0.0000 -68.5278   0.0090       ML
 flanker_std_DDM_subject170   1.1166   3.6683   0.3639   1.9235   0.3628   0.0000 -48.2398   0.0040       ML
 flanker_std_DDM_subject171   1.4958   5.9301   0.3537   3.7733   0.3923   0.0000 -79.2851   0.0040       ML
 flanker_std_DDM_subject173   1.0211   6.8380   0.3650   3.9909   0.3927   0.0000 -104.7069   0.0040       ML
 flanker_std_DDM_subject174   1.4667   6.2645   0.3465   4.2149   0.3877   0.0000 -87.3340   0.0050       ML
 flanker_std_DDM_subject175   8.7499   8.9466   0.0000  10.3202   0.1149   0.0000 -77.8036   0.0060       ML
 flanker_std_DDM_subject177   1.6845   4.0734   0.3803   4.3311   0.4609   0.0000 -63.3387   0.0050       ML
 flanker_std_DDM_subject178   0.8404   6.7509   0.3246   2.7933   0.3108   0.0000 -97.3234   0.0050       ML
 flanker_std_DDM_subject179   1.5752   3.3099   0.3138   3.3554   0.3669   0.0000 -46.1524   0.0040       ML
 flanker_std_DDM_subject18   2.1950   4.8931   0.4139   3.1247   0.3678   0.0000 -47.1393   0.0040       ML
 flanker_std_DDM_subject180   2.7780   7.2955   0.3596   7.4435   0.4325   0.0000 -94.9186   0.0050       ML
 flanker_std_DDM_subject181   1.5781   2.5609   0.3762   1.5448   0.3768   0.0000  -5.1007   0.0040       ML
 flanker_std_DDM_subject182   1.3392   3.8212   0.3083   3.0044   0.3422   0.0000 -55.7394   0.0050       ML
 flanker_std_DDM_subject183   1.2601   5.1142   0.3492   4.2969   0.3760   0.0000 -84.5206   0.0040       ML
 flanker_std_DDM_subject184   1.1173   5.5668   0.3801   3.4819   0.4175   0.0000 -85.9779   0.0060       ML
 flanker_std_DDM_subject185   1.2885   4.0899   0.3113   2.4618   0.2938   0.0000 -53.1062   0.0060       ML
 flanker_std_DDM_subject186   1.1978   5.0228   0.3347   2.0655   0.2969   0.0000 -59.6950   0.0040       ML
 flanker_std_DDM_subject187   1.2515   4.2960   0.3571   2.6030   0.3879   0.0000 -59.1043   0.0050       ML
 flanker_std_DDM_subject188   4.2441   7.1167   0.3076   6.2747   0.3847   0.0000 -69.7681   0.0050       ML
 flanker_std_DDM_subject19   1.1051   3.7290   0.3044   2.0808   0.3187   0.0000 -52.3831   0.0040       ML
 flanker_std_DDM_subject190   1.5017   3.2406   0.3754   2.6186   0.4250   0.0000 -37.2387   0.0020       ML
 flanker_std_DDM_subject192   1.0417   4.2414   0.3714   2.1362   0.3812   0.0000 -59.7167   0.0050       ML
 flanker_std_DDM_subject193   1.2521   5.4660   0.3469   2.1309   0.3153   0.0000 -60.8522   0.0060       ML
 flanker_std_DDM_subject194   2.2766   2.9871   0.3049   2.5178   0.2697   0.0000 -14.7140   0.0050       ML
 flanker_std_DDM_subject195   0.9854   3.8376   0.3810   2.8946   0.3897   0.0000 -67.8458   0.0060       ML
 flanker_std_DDM_subject196   0.7972   4.3873   0.3227   1.5501   0.3368   0.0000 -71.3308   0.0050       ML
 flanker_std_DDM_subject197   3.1208   5.4281   0.2163   7.2629   0.3420   0.0000 -76.0501   0.0050       ML
 flanker_std_DDM_subject198   3.5267   7.1793   0.3224   7.8000   0.3941   0.0000 -87.7510   0.0060       ML
 flanker_std_DDM_subject199   1.2760   4.4730   0.3593   2.6603   0.3536   0.0000 -59.5786   0.0040       ML
 flanker_std_DDM_subject2   9.9999  13.6136   0.1598  15.5640   0.2730   0.0000 -115.5351   0.0080       ML
 flanker_std_DDM_subject20   0.8882   4.5887   0.3543   2.4771   0.4016   0.0000 -78.2602   0.0050       ML
 flanker_std_DDM_subject200   0.9585   3.8763   0.3218   1.2367   0.3523   0.0000 -52.9948   0.0050       ML
 flanker_std_DDM_subject201   1.6452   3.0168   0.3757   1.8098   0.3532   0.0000 -15.6467   0.0040       ML
 flanker_std_DDM_subject202   1.4780   3.9719   0.3425   3.3308   0.4228   0.0000 -57.2368   0.0030       ML
 flanker_std_DDM_subject203   3.3768   6.9934   0.3121   7.6682   0.3809   0.0000 -85.9446   0.0040       ML
 flanker_std_DDM_subject205   1.6089   4.7945   0.3544   3.5707   0.3568   0.0000 -63.2246   0.0030       ML
 flanker_std_DDM_subject206   2.2094   4.8427   0.2993   4.8493   0.3775   0.0000 -65.8411   0.0040       ML
 flanker_std_DDM_subject207   9.9931  13.2191   0.1057  10.3229   0.0728   0.0000 -94.5256   0.0070       ML
 flanker_std_DDM_subject208   1.2420   3.7915   0.3404   2.6978   0.3774   0.0000 -54.0564   0.0050       ML
 flanker_std_DDM_subject21   1.1324   6.1426   0.3498   2.8225   0.3555   0.0000 -82.3749   0.0050       ML
 flanker_std_DDM_subject210   1.6719   7.1280   0.3873   3.4084   0.3702   0.0000 -78.4086   0.0060       ML
 flanker_std_DDM_subject213   1.2167   5.1496   0.3209   4.1530   0.3748   0.0000 -78.9269   0.0100       ML
 flanker_std_DDM_subject214   1.4886   5.8936   0.3065   5.0016   0.3415   0.0000 -91.0607   0.0050       ML
 flanker_std_DDM_subject215   1.3734   5.6088   0.3334   4.6292   0.3674   0.0000 -87.6379   0.0050       ML
 flanker_std_DDM_subject216   2.4957   5.5723   0.3390   6.8103   0.4223   0.0000 -79.9744   0.0060       ML
 flanker_std_DDM_subject217   1.2580   3.5892   0.3137   2.3734   0.3458   0.0000 -46.8992   0.0050       ML
 flanker_std_DDM_subject218   1.7956   2.9775   0.3118   2.2940   0.3867   0.0000 -21.2480   0.0050       ML
 flanker_std_DDM_subject219   1.1849   5.0413   0.3209   4.0739   0.3816   0.0000 -84.3989   0.0040       ML
 flanker_std_DDM_subject22   9.9806  10.4313   0.0000  10.2016   0.0499   0.0000 -82.7038   0.0090       ML
 flanker_std_DDM_subject220   1.2265   4.9507   0.4485   3.4341   0.4712   0.0000 -76.4825   0.0070       ML
 flanker_std_DDM_subject221   1.2293   3.7136   0.3471   3.5469   0.3941   0.0000 -64.0265   0.0060       ML
 flanker_std_DDM_subject223   1.3339   3.7045   0.3558   0.6934   0.3549   0.0000 -19.0645   0.0060       ML
 flanker_std_DDM_subject224   3.3523   9.2932   0.3336   7.2042   0.3413   0.0000 -97.8225   0.0090       ML
 flanker_std_DDM_subject225   1.1138   4.0204   0.3494   2.4145   0.3458   0.0000 -58.1071   0.0050       ML
 flanker_std_DDM_subject226   2.8824   4.1645   0.3409   5.9995   0.5035   0.0000 -57.2815   0.0050       ML
 flanker_std_DDM_subject227   0.9211   2.5416   0.2705   2.9505   0.3433   0.0000 -55.9714   0.0050       ML
 flanker_std_DDM_subject228   2.0549   5.4828   0.3554   3.0807   0.3091   0.0000 -53.9484   0.0050       ML
 flanker_std_DDM_subject229   3.5174   6.1409   0.2273   6.3492   0.3317   0.0000 -71.1685   0.0060       ML
 flanker_std_DDM_subject23   1.3735   4.9428   0.3335   2.6406   0.3089   0.0000 -60.5519   0.0050       ML
 flanker_std_DDM_subject230   1.4238   4.0078   0.3786   2.4316   0.3921   0.0000 -45.4608   0.0050       ML
 flanker_std_DDM_subject231   2.2158   4.7065   0.3666   4.2078   0.4615   0.0000 -58.1145   0.0060       ML
 flanker_std_DDM_subject232   1.4465   6.9975   0.3625   4.2474   0.3778   0.0000 -92.7099   0.0050       ML
 flanker_std_DDM_subject233   2.2815   1.7081   0.3232   1.5522   0.3969   0.0000  30.6712   0.0040       ML
 flanker_std_DDM_subject236   0.9544   3.9026   0.3466   3.2451   0.4259   0.0000 -74.2663   0.0050       ML
 flanker_std_DDM_subject237   1.3588   4.4174   0.3171   3.4215   0.3779   0.0000 -66.4640   0.0050       ML
 flanker_std_DDM_subject238   1.2682   3.8984   0.4030   4.7742   0.4529   0.0000 -76.9020   0.0040       ML
 flanker_std_DDM_subject239  10.0000  10.9515   0.1206  10.7037   0.1674   0.0000 -87.3276   0.0080       ML
 flanker_std_DDM_subject24   1.1385   3.7611   0.3152   2.9080   0.3589   0.0000 -60.1584   0.0040       ML
 flanker_std_DDM_subject240   3.6442   8.4656   0.2550  10.0556   0.3453   0.0000 -106.1201   0.0060       ML
 flanker_std_DDM_subject241   1.7873   5.0784   0.3133   4.3514   0.3376   0.0000 -71.1010   0.0040       ML
 flanker_std_DDM_subject242   1.5226   4.5090   0.4711   2.4958   0.4923   0.0000 -49.7173   0.0050       ML
 flanker_std_DDM_subject243   1.4656   2.5597   0.3274   1.2088   0.3456   0.0000  -2.0491   0.0040       ML
 flanker_std_DDM_subject244   1.1331   5.0238   0.3406   1.8844   0.3483   0.0000 -57.9317   0.0040       ML
 flanker_std_DDM_subject245   1.5781   3.1848   0.4172   2.0105   0.3898   0.0000 -22.8420   0.0040       ML
 flanker_std_DDM_subject247   1.3555   4.2727   0.3732   3.8867   0.4035   0.0000 -70.3686   0.0040       ML
 flanker_std_DDM_subject248   3.2806   6.0998   0.2737   4.1700   0.2809   0.0000 -54.1752   0.0060       ML
 flanker_std_DDM_subject249   8.1185   9.6253   0.0859   9.0013   0.1330   0.0000 -79.7827   0.0070       ML
 flanker_std_DDM_subject25   1.7965   4.1651   0.2684   2.6816   0.2402   0.0000 -42.0357   0.0050       ML
 flanker_std_DDM_subject252   6.9534   8.6935   0.1462   8.8385   0.2023   0.0000 -79.2623   0.0280       ML
 flanker_std_DDM_subject253   1.5220   4.6063   0.3360   3.6845   0.3699   0.0000 -66.4795   0.0050       ML
 flanker_std_DDM_subject254   0.9903   6.0217   0.3432   3.5596   0.3700   0.0000 -95.8910   0.0050       ML
 flanker_std_DDM_subject255   0.8628   4.7522   0.3316   3.8198   0.4138   0.0000 -92.4776   0.0050       ML
 flanker_std_DDM_subject256   1.1703   7.1410   0.3669   3.5946   0.3912   0.0000 -96.2805   0.0040       ML
 flanker_std_DDM_subject257   1.2307   3.7215   0.3661   3.0956   0.3923   0.0000 -58.0959   0.0050       ML
 flanker_std_DDM_subject258   6.4587   8.7064   0.1713  12.2540   0.3036   0.0000 -97.2646   0.0070       ML
 flanker_std_DDM_subject259   1.5071   3.8360   0.3502   3.3940   0.4219   0.0000 -55.1459   0.0040       ML
 flanker_std_DDM_subject260   1.9998   4.6062   0.3330   5.9298   0.4249   0.0000 -76.4208   0.0050       ML
 flanker_std_DDM_subject261   1.2043   3.9524   0.4624   3.0146   0.6045   0.0000 -60.6234   0.0050       ML
 flanker_std_DDM_subject262   5.4324   9.8427   0.1989   9.2338   0.2439   0.0000 -95.4916   0.0070       ML
 flanker_std_DDM_subject263   1.2905   3.2093   0.3194   2.1748   0.3762   0.0000 -36.8121   0.0050       ML
 flanker_std_DDM_subject264   1.1557   4.9233   0.3140   2.0802   0.3004   0.0000 -60.7454   0.0040       ML
 flanker_std_DDM_subject266   1.4219   5.2147   0.2970   2.9120   0.3193   0.0000 -65.2800   0.0050       ML
 flanker_std_DDM_subject267   7.1165   9.4884   0.1520  10.8853   0.2382   0.0000 -92.4921   0.0080       ML
 flanker_std_DDM_subject268   1.3666   5.0042   0.3871   3.7531   0.4097   0.0000 -75.3693   0.0040       ML
 flanker_std_DDM_subject27   4.1310   6.8068   0.2661   6.1936   0.2597   0.0000 -69.0132   0.0050       ML
 flanker_std_DDM_subject271   1.3770   3.5395   0.3980   2.2053   0.4168   0.0000 -39.0423   0.0050       ML
 flanker_std_DDM_subject272   3.6180   9.6227   0.2989   6.8333   0.3198   0.0000 -94.3400   0.0070       ML
 flanker_std_DDM_subject273   2.9564   7.0552   0.2639   8.3729   0.4023   0.0000 -96.4838   0.0050       ML
 flanker_std_DDM_subject274   1.2570   2.8993   0.4398   3.5159   0.5071   0.0000 -50.6477   0.0040       ML
 flanker_std_DDM_subject276   9.7959  10.4747   0.0655  11.3828   0.1633   0.0000 -88.7265   0.0100       ML
 flanker_std_DDM_subject277   1.6118   3.8285   0.3504   3.2359   0.3549   0.0000 -50.4400   0.0040       ML
 flanker_std_DDM_subject278   1.4168   2.6514   0.2736   2.7666   0.3244   0.0000 -33.3003   0.0040       ML
 flanker_std_DDM_subject279   1.0368   3.3670   0.3160   1.4593   0.3057   0.0000 -39.0347   0.0040       ML
 flanker_std_DDM_subject28   1.5600   4.8914   0.3697   3.4884   0.3935   0.0000 -65.7862   0.0050       ML
 flanker_std_DDM_subject280   1.2383   5.6004   0.3455   4.4799   0.4080   0.0000 -92.0881   0.0040       ML
 flanker_std_DDM_subject281   1.7121   1.8750   0.2714   1.5788   0.3240   0.0000  13.7404   0.0040       ML
 flanker_std_DDM_subject282   7.3363   8.4772   0.0354   8.6317   0.1342   0.0000 -75.1582   0.0070       ML
 flanker_std_DDM_subject283   2.0182   7.4139   0.3419   6.2010   0.3845   0.0000 -97.8254   0.0060       ML
 flanker_std_DDM_subject284  10.0000   9.0529   0.0407  11.1138   0.1535   0.0000 -80.0654   0.0080       ML
 flanker_std_DDM_subject285   1.3863   3.7394   0.3327   3.0916   0.3657   0.0000 -54.2130   0.0040       ML
 flanker_std_DDM_subject286  10.0000   9.5605   0.0648  10.6455   0.1872   0.0000 -80.7945   0.0080       ML
 flanker_std_DDM_subject287   2.0696   4.1643   0.3492   4.8609   0.4301   0.0000 -61.1816   0.0050       ML
 flanker_std_DDM_subject288   2.5442   6.2123   0.3286   7.6378   0.4050   0.0000 -92.0606   0.0050       ML
 flanker_std_DDM_subject289   1.1541   5.4534   0.3508   2.3852   0.3386   0.0000 -69.0084   0.0050       ML
 flanker_std_DDM_subject290   1.6765   5.5625   0.3368   3.3749   0.3598   0.0000 -66.2334   0.0090       ML
 flanker_std_DDM_subject292   1.3516   2.8655   0.3130   1.4588   0.3054   0.0000 -16.1919   0.0040       ML
 flanker_std_DDM_subject293   2.1735   9.9758   0.2976   8.2662   0.3822   0.0000 -122.9400   0.0060       ML
 flanker_std_DDM_subject294   1.2220   3.3426   0.3552   3.2210   0.4439   0.0000 -55.8928   0.0050       ML
 flanker_std_DDM_subject295   1.7819   5.4778   0.3658   4.9081   0.4313   0.0000 -77.8453   0.0050       ML
 flanker_std_DDM_subject296   1.3479   2.4714   0.2559   1.6772   0.2772   0.0000 -14.7399   0.0040       ML
 flanker_std_DDM_subject298   1.4946   4.5305   0.3580   4.8972   0.4301   0.0000 -74.3104   0.0020       ML
 flanker_std_DDM_subject299   8.5046  11.5002   0.2139   7.1526   0.1156   0.0000 -74.2710   0.0090       ML
 flanker_std_DDM_subject3   2.6047   4.2649   0.3273   2.6458   0.2806   0.0000 -26.7828   0.0050       ML
 flanker_std_DDM_subject30   0.9098   5.1046   0.3936   4.9412   0.4272   0.0000 -103.8168   0.0050       ML
 flanker_std_DDM_subject300   1.1002   4.5557   0.3217   2.4994   0.3455   0.0000 -67.2272   0.0050       ML
 flanker_std_DDM_subject302   1.7127   3.8641   0.2595   5.3363   0.4228   0.0000 -69.8196   0.0040       ML
 flanker_std_DDM_subject303   9.9986  11.5508   0.0306   9.6237   0.0336   0.0000 -84.7863   0.0090       ML
 flanker_std_DDM_subject305   1.0948   3.1432   0.3498   2.0818   0.3475   0.0000 -43.7766   0.0070       ML
 flanker_std_DDM_subject306   1.1385   5.2456   0.3271   4.2631   0.3752   0.0000 -90.8058   0.0040       ML
 flanker_std_DDM_subject307  10.0000  11.3416   0.2146   9.8997   0.2252   0.0000 -85.5533   0.0080       ML
 flanker_std_DDM_subject308   0.8340   1.4357   0.2986   0.8660   0.2998   0.0000 -26.1084   0.0050       ML
 flanker_std_DDM_subject309   1.4334   5.6228   0.2954   4.8497   0.3330   0.0000 -89.2090   0.0050       ML
 flanker_std_DDM_subject31   1.4017   3.6958   0.3461   2.2967   0.3717   0.0000 -39.5495   0.0050       ML
 flanker_std_DDM_subject310   1.4874   5.3267   0.4574   3.8751   0.5050   0.0000 -74.9546   0.0050       ML
 flanker_std_DDM_subject311   1.7917   2.8779   0.2947   3.2078   0.3416   0.0000 -33.2053   0.0050       ML
 flanker_std_DDM_subject312   2.0193   4.2613   0.3455   4.2998   0.3856   0.0000 -58.4847   0.0050       ML
 flanker_std_DDM_subject313   1.0998   4.4613   0.3516   1.6398   0.3432   0.0000 -53.5531   0.0050       ML
 flanker_std_DDM_subject314   1.5606   3.4014   0.4035   3.0166   0.4791   0.0000 -44.0831   0.0050       ML
 flanker_std_DDM_subject315   1.2302   2.8465   0.3001   3.6142   0.3630   0.0000 -55.0448   0.0050       ML
 flanker_std_DDM_subject316   1.7686   3.8427   0.3669   3.3091   0.4048   0.0000 -47.6840   0.0050       ML
 flanker_std_DDM_subject317   1.2872   3.0133   0.4115   4.1700   0.4935   0.0000 -59.4017   0.0050       ML
 flanker_std_DDM_subject318   1.2098   6.8372   0.3019   2.1971   0.3119   0.0000 -73.2176   0.0050       ML
 flanker_std_DDM_subject319   8.1847   8.8263   0.1014  11.8027   0.2500   0.0000 -88.2558   0.0090       ML
 flanker_std_DDM_subject32   3.3223  11.2840   0.3023   7.6688   0.3246   0.0000 -110.1086   0.0080       ML
 flanker_std_DDM_subject320   3.9264   4.8230   0.2428   4.4429   0.2792   0.0000 -39.6890   0.0060       ML
 flanker_std_DDM_subject321   3.3520   7.4290   0.3373   5.5704   0.3477   0.0000 -74.6921   0.0070       ML
 flanker_std_DDM_subject322   1.3511   3.9203   0.3164   2.8716   0.3216   0.0000 -54.6055   0.0070       ML
 flanker_std_DDM_subject323   1.0546   7.0575   0.3693   5.1315   0.4073   0.0000 -112.9859   0.0050       ML
 flanker_std_DDM_subject324   1.8009   4.9984   0.3885   5.7663   0.4607   0.0000 -81.7757   0.0060       ML
 flanker_std_DDM_subject325   4.3624   7.6586   0.2189   9.8916   0.3506   0.0000 -92.8060   0.0060       ML
 flanker_std_DDM_subject328   2.1908   6.1684   0.2893   3.3814   0.2514   0.0000 -60.0904   0.0040       ML
 flanker_std_DDM_subject329   1.5431   3.7509   0.3660   4.4654   0.4610   0.0000 -63.7010   0.0040       ML
 flanker_std_DDM_subject330   1.1485   4.6673   0.3546   3.9492   0.3817   0.0000 -80.5661   0.0040       ML
 flanker_std_DDM_subject331   1.5696   4.8355   0.3232   2.5903   0.3027   0.0000 -52.8964   0.0040       ML
 flanker_std_DDM_subject332   1.0671   4.5151   0.3856   2.6512   0.4084   0.0000 -68.6585   0.0050       ML
 flanker_std_DDM_subject333   1.2101   4.0175   0.3562   2.1783   0.3771   0.0000 -50.0973   0.0050       ML
 flanker_std_DDM_subject334   1.3841   2.6632   0.2681   1.5752   0.3186   0.0000 -19.0898   0.0050       ML
 flanker_std_DDM_subject335  10.0000  12.2070   0.1212   9.7630   0.1359   0.0000 -88.3271   0.0070       ML
 flanker_std_DDM_subject336   1.1545   3.6189   0.3824   1.6228   0.3765   0.0000 -41.8259   0.0050       ML
 flanker_std_DDM_subject337   1.1461   5.9869   0.3365   2.1311   0.3227   0.0000 -70.7812   0.0050       ML
 flanker_std_DDM_subject338   1.2653   5.5831   0.3098   3.4991   0.3301   0.0000 -80.9561   0.0060       ML
 flanker_std_DDM_subject339   2.7700   4.7291   0.2922   4.9057   0.3136   0.0000 -55.5235   0.0040       ML
 flanker_std_DDM_subject34   1.2183   5.5425   0.2760   3.0010   0.3019   0.0000 -74.2429   0.0040       ML
 flanker_std_DDM_subject340   3.2778   1.5669   0.2113   1.6901   0.3462   0.0000  42.3829   0.0040       ML
 flanker_std_DDM_subject341   1.5491   5.8150   0.3407   3.8362   0.3514   0.0000 -77.6059   0.0050       ML
 flanker_std_DDM_subject342   0.9414   3.7330   0.3339   1.7706   0.3604   0.0000 -58.3453   0.0060       ML
 flanker_std_DDM_subject343   1.3471   4.7328   0.3361   3.2546   0.3806   0.0000 -67.7792   0.0050       ML
 flanker_std_DDM_subject344   2.2983   4.8532   0.3218   5.2102   0.3796   0.0000 -67.3038   0.0060       ML
 flanker_std_DDM_subject346   9.9909  13.9343   0.1245   9.6160   0.0777   0.0000 -93.6490   0.0120       ML
 flanker_std_DDM_subject347   1.0705   4.3663   0.3297   1.7784   0.3517   0.0000 -53.9832   0.0050       ML
 flanker_std_DDM_subject348   1.6455   6.0614   0.3485   3.5067   0.3396   0.0000 -72.8754   0.0050       ML
 flanker_std_DDM_subject349   4.3790   7.0080   0.2566   7.7060   0.3007   0.0000 -78.4929   0.0050       ML
 flanker_std_DDM_subject35   1.5166   4.4090   0.4275   1.8675   0.3211   0.0000 -37.9299   0.0230       ML
 flanker_std_DDM_subject350   0.9987   3.4396   0.3217   1.9225   0.3505   0.0000 -50.0910   0.0050       ML
 flanker_std_DDM_subject351   1.1047   4.7511   0.3470   2.3205   0.3858   0.0000 -63.6799   0.0050       ML
 flanker_std_DDM_subject353   1.0311   3.4683   0.3322   2.6077   0.3660   0.0000 -58.7561   0.0050       ML
 flanker_std_DDM_subject354   1.2548   7.6694   0.3809   4.1365   0.4157   0.0000 -100.4439   0.0050       ML
 flanker_std_DDM_subject356   1.6087   4.5862   0.3299   2.9077   0.3558   0.0000 -52.5450   0.0060       ML
 flanker_std_DDM_subject357   1.1573   3.7094   0.3372   2.5553   0.3545   0.0000 -54.5785   0.0050       ML
 flanker_std_DDM_subject359   0.9415   6.1489   0.3570   2.4220   0.3334   0.0000 -85.2679   0.0050       ML
 flanker_std_DDM_subject36   1.6578   3.4914   0.4146   3.7373   0.4815   0.0000 -51.5494   0.0040       ML
 flanker_std_DDM_subject360   2.9200   9.2692   0.3778   9.7771   0.4386   0.0000 -110.7600   0.0090       ML
 flanker_std_DDM_subject362   5.3646   7.1849   0.2543   6.6098   0.2899   0.0000 -65.4652   0.0060       ML
 flanker_std_DDM_subject363   3.6655   6.9744   0.3019   5.1698   0.3274   0.0000 -64.4918   0.0040       ML
 flanker_std_DDM_subject367   4.7749   7.8648   0.2099   9.5151   0.3079   0.0000 -90.7619   0.0080       ML
 flanker_std_DDM_subject368   1.3971   3.0179   0.3084   3.2574   0.3566   0.0000 -44.9815   0.0040       ML
 flanker_std_DDM_subject369   1.4565   2.4561   0.3549   2.7433   0.4022   0.0000 -28.2838   0.0040       ML
 flanker_std_DDM_subject37  10.0000  11.6014   0.0695  11.4884   0.1455   0.0000 -93.8707   0.0100       ML
 flanker_std_DDM_subject370   3.1233   6.8560   0.3148   5.8238   0.3917   0.0000 -75.5443   0.0050       ML
 flanker_std_DDM_subject371   1.3566   5.4081   0.4220   3.8718   0.5076   0.0000 -80.5863   0.0050       ML
 flanker_std_DDM_subject372   2.2393   6.6238   0.3433   5.1770   0.3652   0.0000 -80.9895   0.0070       ML
 flanker_std_DDM_subject373   1.5055   2.7049   0.2818   1.9552   0.3060   0.0000 -18.0704   0.0040       ML
 flanker_std_DDM_subject374   2.2889   5.0836   0.3095   4.6905   0.4357   0.0000 -65.1133   0.0050       ML
 flanker_std_DDM_subject375   1.2261   4.6890   0.2822   1.9167   0.2316   0.0000 -52.5909   0.0070       ML
 flanker_std_DDM_subject376   1.1230   4.4760   0.3467   2.5768   0.4014   0.0000 -64.8710   0.0060       ML
 flanker_std_DDM_subject378   1.7834   4.9063   0.4264   3.7917   0.4732   0.0000 -64.0454   0.0050       ML
 flanker_std_DDM_subject379   3.5622   7.0672   0.3257  10.0839   0.4528   0.0000 -96.8202   0.0050       ML
 flanker_std_DDM_subject380   1.4991   6.9361   0.3272   4.2594   0.3615   0.0000 -91.1701   0.0060       ML
 flanker_std_DDM_subject381   1.7189   5.2254   0.3040   5.2079   0.3499   0.0000 -82.5384   0.0280       ML
 flanker_std_DDM_subject382   9.9944  10.2034   0.0542  10.1402   0.0969   0.0000 -81.4078   0.0090       ML
 flanker_std_DDM_subject383   1.3397   3.9589   0.3457   2.6207   0.3596   0.0000 -51.7885   0.0050       ML
 flanker_std_DDM_subject384   1.4613   5.6021   0.3240   3.0404   0.3189   0.0000 -68.6985   0.0050       ML
 flanker_std_DDM_subject385   1.1605   5.5696   0.2715   3.5394   0.2982   0.0000 -85.2251   0.0060       ML
 flanker_std_DDM_subject386   1.4710   3.9763   0.3436   1.9728   0.3501   0.0000 -36.4540   0.0050       ML
 flanker_std_DDM_subject388  10.0000  11.7192   0.1998   8.2348   0.1251   0.0000 -79.7848   0.0090       ML
 flanker_std_DDM_subject389   1.2455   4.0894   0.2920   2.8743   0.3313   0.0000 -59.2802   0.0050       ML
 flanker_std_DDM_subject39   1.4099   3.6210   0.3393   3.5865   0.3841   0.0000 -57.3297   0.0040       ML
 flanker_std_DDM_subject390   7.1462   8.3111   0.1622   5.8565   0.1167   0.0000 -56.8399   0.0080       ML
 flanker_std_DDM_subject391   1.3327   6.5128   0.3217   5.4770   0.3488   0.0000 -102.1162   0.0070       ML
 flanker_std_DDM_subject392   4.9049   9.0411   0.2674   7.5926   0.3188   0.0000 -85.8202   0.0050       ML
 flanker_std_DDM_subject393   1.3220   4.9398   0.2803   3.5845   0.2988   0.0000 -74.7737   0.0040       ML
 flanker_std_DDM_subject394   5.2649   7.4623   0.1926   6.1934   0.2275   0.0000 -63.9716   0.0260       ML
 flanker_std_DDM_subject396   1.7756   3.0986   0.3107   2.7414   0.3171   0.0000 -30.0767   0.0050       ML
 flanker_std_DDM_subject397   1.2366   4.7092   0.3477   2.1855   0.3454   0.0000 -56.3110   0.0060       ML
 flanker_std_DDM_subject398   1.3033   4.9629   0.4030   2.9965   0.4339   0.0000 -68.2229   0.0040       ML
 flanker_std_DDM_subject399   1.5631   4.7359   0.3691   3.1614   0.4032   0.0000 -60.6215   0.0050       ML
 flanker_std_DDM_subject4   1.4838   7.1853   0.3737   5.6108   0.4085   0.0000 -105.3010   0.0050       ML
 flanker_std_DDM_subject400   1.3037   3.8615   0.3468   2.1768   0.3175   0.0000 -45.1977   0.0050       ML
 flanker_std_DDM_subject401   1.9004   6.8183   0.3407   6.0534   0.3993   0.0000 -95.1928   0.0050       ML
 flanker_std_DDM_subject402   1.9749   4.6865   0.3280   2.9283   0.3819   0.0000 -46.6517   0.0050       ML
 flanker_std_DDM_subject403   1.4427   3.6561   0.2666   2.7081   0.2851   0.0000 -46.5054   0.0050       ML
 flanker_std_DDM_subject404   1.6930   3.3290   0.3374   3.5500   0.4087   0.0000 -46.2685   0.0040       ML
 flanker_std_DDM_subject406   2.1568   4.5555   0.3482   3.8549   0.3569   0.0000 -53.3837   0.0050       ML
 flanker_std_DDM_subject407   1.3640   2.7910   0.3406   2.0047   0.3333   0.0000 -26.7155   0.0050       ML
 flanker_std_DDM_subject408   1.3940   5.7365   0.3494   4.4528   0.3968   0.0000 -87.8899   0.0040       ML
 flanker_std_DDM_subject409   1.6122   3.8930   0.3857   3.2698   0.4904   0.0000 -52.7154   0.0050       ML
 flanker_std_DDM_subject410   1.3258   5.9102   0.3119   3.9866   0.3324   0.0000 -86.7207   0.0060       ML
 flanker_std_DDM_subject411   1.8065   5.5665   0.3621   5.1897   0.4053   0.0000 -82.8148   0.0060       ML
 flanker_std_DDM_subject412   1.7974   3.9876   0.3583   3.0538   0.3696   0.0000 -45.0027   0.0040       ML
 flanker_std_DDM_subject413   1.3296   5.3938   0.3193   4.5933   0.3720   0.0000 -96.0317   0.0090       ML
 flanker_std_DDM_subject414   2.3979   6.5686   0.3420   6.0846   0.4157   0.0000 -86.4044   0.0060       ML
 flanker_std_DDM_subject415  10.0000  11.2674   0.1921   9.9282   0.1989   0.0000 -83.8682   0.0130       ML
 flanker_std_DDM_subject416   1.6741   5.1446   0.2910   3.5590   0.3440   0.0000 -66.2315   0.0040       ML
 flanker_std_DDM_subject417   5.3091   6.7191   0.1729   5.7854   0.2047   0.0000 -56.4607   0.0070       ML
 flanker_std_DDM_subject418   3.7377   8.9001   0.3082   7.4983   0.3920   0.0000 -93.8560   0.0050       ML
 flanker_std_DDM_subject419   1.3409   6.0689   0.3736   2.5284   0.3976   0.0000 -69.9907   0.0040       ML
 flanker_std_DDM_subject42  10.0000  11.2542   0.0885  11.8729   0.1870   0.0000 -93.6920   0.0090       ML
 flanker_std_DDM_subject421   4.5782   7.4081   0.2002   7.4202   0.2727   0.0000 -77.7483   0.0060       ML
 flanker_std_DDM_subject422   1.2806   3.6248   0.4197   1.7386   0.4356   0.0000 -29.1576   0.0080       ML
 flanker_std_DDM_subject423   1.6845   3.8705   0.3146   3.4960   0.3429   0.0000 -51.3263   0.0070       ML
 flanker_std_DDM_subject424   1.1540   4.5320   0.4106   2.8978   0.4793   0.0000 -67.0371   0.0040       ML
 flanker_std_DDM_subject425   1.2426   6.7367   0.3765   2.7060   0.3680   0.0000 -79.2049   0.0050       ML
 flanker_std_DDM_subject426   1.5632   5.7653   0.3194   3.4063   0.3488   0.0000 -72.0912   0.0040       ML
 flanker_std_DDM_subject427   1.5454   5.1810   0.2966   4.5078   0.3743   0.0000 -92.1625   0.0040       ML
 flanker_std_DDM_subject429   8.1624  14.7477   0.2446  11.5208   0.2527   0.0000 -111.5707   0.0100       ML
 flanker_std_DDM_subject43   0.9187   4.9886   0.3732   3.3210   0.3970   0.0000 -87.5851   0.0050       ML
 flanker_std_DDM_subject430   2.2511   6.0956   0.2869   8.7872   0.4071   0.0000 -100.6927   0.0060       ML
 flanker_std_DDM_subject431   1.7044   4.4246   0.3013   3.0372   0.3416   0.0000 -51.5215   0.0040       ML
 flanker_std_DDM_subject432   1.5182   3.7087   0.3792   4.4721   0.4670   0.0000 -72.5284   0.0040       ML
 flanker_std_DDM_subject433   1.3985   5.0458   0.3643   2.6947   0.3796   0.0000 -62.7608   0.0050       ML
 flanker_std_DDM_subject434   1.3884   2.4962   0.3019   3.5444   0.4061   0.0000 -42.1219   0.0060       ML
 flanker_std_DDM_subject436   0.9391   5.6454   0.3534   4.0019   0.3801   0.0000 -99.9383   0.0070       ML
 flanker_std_DDM_subject437   1.4887   4.4557   0.3583   2.2438   0.3429   0.0000 -45.5377   0.0040       ML
 flanker_std_DDM_subject438   0.9080   5.4155   0.3232   2.5852   0.3356   0.0000 -84.1080   0.0050       ML
 flanker_std_DDM_subject439   1.4728   3.4872   0.3185   1.1733   0.3120   0.0000 -13.0262   0.0050       ML
 flanker_std_DDM_subject440   1.5823   3.5150   0.3639   2.3635   0.3767   0.0000 -35.2909   0.0040       ML
 flanker_std_DDM_subject443   2.6967   6.0986   0.2789   7.2557   0.3463   0.0000 -86.6648   0.0070       ML
 flanker_std_DDM_subject445   0.8948   6.2924   0.3505   2.4725   0.3623   0.0000 -89.2746   0.0050       ML
 flanker_std_DDM_subject446   1.8000   4.9695   0.4033   2.3707   0.4380   0.0000 -44.3221   0.0030       ML
 flanker_std_DDM_subject447   1.6593   6.3899   0.3293   3.9367   0.3681   0.0000 -80.1659   0.0040       ML
 flanker_std_DDM_subject448   2.2009   6.6711   0.3226   3.7300   0.2727   0.0000 -68.4586   0.0050       ML
 flanker_std_DDM_subject449   2.7659   5.8625   0.2793   5.7613   0.3360   0.0000 -73.4043   0.0050       ML
 flanker_std_DDM_subject45   2.0935   5.3805   0.3098   2.4661   0.3052   0.0000 -43.9525   0.0040       ML
 flanker_std_DDM_subject450   4.1742  10.3164   0.2329   8.7165   0.2588   0.0000 -103.9712   0.0070       ML
 flanker_std_DDM_subject451   2.4299   3.8602   0.3238   4.5315   0.4402   0.0000 -48.9704   0.0060       ML
 flanker_std_DDM_subject452   2.5074   6.5938   0.2924   7.7448   0.4061   0.0000 -95.8193   0.0060       ML
 flanker_std_DDM_subject454   1.3228   5.6062   0.3849   3.5363   0.4399   0.0000 -78.5755   0.0050       ML
 flanker_std_DDM_subject456   1.1984   4.6306   0.3767   2.6142   0.3962   0.0000 -61.9958   0.0040       ML
 flanker_std_DDM_subject458   1.2552   5.0622   0.3049   3.1073   0.3077   0.0000 -70.8516   0.0040       ML
 flanker_std_DDM_subject459   1.4206   5.9399   0.3355   2.3862   0.3152   0.0000 -64.2912   0.0050       ML
 flanker_std_DDM_subject46   1.1184   5.9222   0.4121   2.5999   0.4033   0.0000 -74.5444   0.0040       ML
 flanker_std_DDM_subject460   3.4012   7.0075   0.3064   7.5006   0.3993   0.0000 -86.0842   0.0070       ML
 flanker_std_DDM_subject462   4.5793   7.7858   0.2455   3.9741   0.1431   0.0000 -51.1801   0.0050       ML
 flanker_std_DDM_subject463   1.3069   3.6081   0.4993   2.5162   0.5580   0.0000 -46.7460   0.0050       ML
 flanker_std_DDM_subject464   1.0081   3.2059   0.2720   0.9077   0.3005   0.0000 -36.0251   0.0050       ML
 flanker_std_DDM_subject467   1.1560   6.4148   0.3537   1.7541   0.3154   0.0000 -67.3822   0.0060       ML
 flanker_std_DDM_subject468   1.8637   3.2645   0.3310   4.2602   0.3917   0.0000 -49.7920   0.0040       ML
 flanker_std_DDM_subject469   1.0358   3.8980   0.4036   3.8216   0.4453   0.0000 -75.5570   0.0050       ML
 flanker_std_DDM_subject47   1.8716   5.2457   0.3293   4.0734   0.3752   0.0000 -66.7653   0.0040       ML
 flanker_std_DDM_subject470   2.0914   7.8535   0.4168   6.3582   0.4846   0.0000 -100.1330   0.0050       ML
 flanker_std_DDM_subject471   1.5858   5.5344   0.3704   5.5965   0.4366   0.0000 -91.0436   0.0060       ML
 flanker_std_DDM_subject472   1.0726   4.5124   0.4047   2.6983   0.4326   0.0000 -67.9640   0.0130       ML
 flanker_std_DDM_subject473   1.0555   4.4521   0.3269   3.0612   0.3769   0.0000 -73.2802   0.0050       ML
 flanker_std_DDM_subject474   2.1426   3.4336   0.3726   3.5786   0.4865   0.0000 -38.0906   0.0040       ML
 flanker_std_DDM_subject475   1.3961   5.5638   0.3234   4.1599   0.3883   0.0000 -83.4684   0.0050       ML
 flanker_std_DDM_subject476   1.1099   6.7069   0.3277   4.2422   0.3646   0.0000 -100.2625   0.0050       ML
 flanker_std_DDM_subject477  10.0000  11.6084   0.1209   9.0557   0.0982   0.0000 -82.5520   0.0110       ML
 flanker_std_DDM_subject478   8.5449   9.4473   0.0000   9.4644   0.0772   0.0000 -79.5691   0.0080       ML
 flanker_std_DDM_subject479   1.4862   5.6433   0.3481   3.3532   0.3689   0.0000 -72.4211   0.0040       ML
 flanker_std_DDM_subject48   1.7611   4.5713   0.4365   4.3910   0.4890   0.0000 -66.1607   0.0050       ML
 flanker_std_DDM_subject480   2.3629   5.8293   0.2848   5.4205   0.3420   0.0000 -76.3474   0.0050       ML
 flanker_std_DDM_subject481   2.0208   6.4012   0.3680   5.7242   0.4298   0.0000 -88.9535   0.0050       ML
 flanker_std_DDM_subject482   0.9673   4.9210   0.3633   3.7645   0.4026   0.0000 -89.3936   0.0060       ML
 flanker_std_DDM_subject483   1.9811   1.3127   0.2592   0.9829   0.3524   0.0000  48.7511   0.0250       ML
 flanker_std_DDM_subject484   1.2968   5.7306   0.3212   3.5782   0.3454   0.0000 -81.1728   0.0050       ML
 flanker_std_DDM_subject487   1.4674   3.3930   0.3874   2.3964   0.3332   0.0000 -36.2276   0.0060       ML
 flanker_std_DDM_subject488   1.4048   5.0831   0.3629   3.8578   0.4021   0.0000 -75.9925   0.0030       ML
 flanker_std_DDM_subject489   4.6386   9.8120   0.2111   8.2754   0.2529   0.0000 -95.5602   0.0080       ML
 flanker_std_DDM_subject490   1.5827   5.8408   0.3334   5.4941   0.4036   0.0000 -92.8433   0.0050       ML
 flanker_std_DDM_subject491   0.9277   3.3058   0.3667   1.6785   0.3978   0.0000 -50.8670   0.0050       ML
 flanker_std_DDM_subject492   0.9126   4.7381   0.3201   1.3171   0.3293   0.0000 -61.7701   0.0050       ML
 flanker_std_DDM_subject493   1.3793   4.6421   0.3310   2.5889   0.3348   0.0000 -57.9352   0.0050       ML
 flanker_std_DDM_subject494   1.3152   4.2835   0.3196   2.0872   0.3153   0.0000 -47.5707   0.0050       ML
 flanker_std_DDM_subject495   1.3293   3.7414   0.3270   2.2809   0.3711   0.0000 -43.8235   0.0040       ML
 flanker_std_DDM_subject496   1.1763   5.8470   0.3488   4.1227   0.3930   0.0000 -92.4558   0.0050       ML
 flanker_std_DDM_subject497  10.0000   9.0632   0.0367   9.7938   0.1055   0.0000 -74.6432   0.0070       ML
 flanker_std_DDM_subject498   5.1828   8.7337   0.2145   6.3551   0.1878   0.0000 -73.9501   0.0060       ML
 flanker_std_DDM_subject499   2.8237   7.4474   0.2294   7.9634   0.3036   0.0000 -98.3265   0.0280       ML
 flanker_std_DDM_subject5   1.1320   3.9807   0.3661   2.7997   0.4033   0.0000 -61.8337   0.0050       ML
 flanker_std_DDM_subject50   4.2739   6.7444   0.2295   5.0000   0.2422   0.0000 -57.5327   0.0060       ML
 flanker_std_DDM_subject500   5.9009   9.8413   0.1074   8.9322   0.1518   0.0000 -91.1337   0.0070       ML
 flanker_std_DDM_subject501   1.9689   4.1301   0.3099   2.1534   0.1999   0.0000 -28.4982   0.0040       ML
 flanker_std_DDM_subject502   1.8286   6.1326   0.3613   4.0379   0.3857   0.0000 -75.3247   0.0050       ML
 flanker_std_DDM_subject503   2.1371   7.0456   0.3871   4.8432   0.4274   0.0000 -83.6599   0.0050       ML
 flanker_std_DDM_subject504   1.4173   5.6521   0.3788   3.5121   0.3726   0.0000 -76.4453   0.0040       ML
 flanker_std_DDM_subject505   1.3557   3.7289   0.3518   2.1366   0.3819   0.0000 -39.7171   0.0040       ML
 flanker_std_DDM_subject506   1.8532   4.8700   0.3384   2.6539   0.3675   0.0000 -46.8257   0.0040       ML
 flanker_std_DDM_subject507   3.3025   7.0763   0.2848   6.1677   0.3416   0.0000 -77.2934   0.0060       ML
 flanker_std_DDM_subject508   1.3578   4.8528   0.3091   4.8087   0.3401   0.0000 -83.4187   0.0040       ML
 flanker_std_DDM_subject509   1.5036   5.4852   0.3527   4.0582   0.3686   0.0000 -77.3296   0.0040       ML
 flanker_std_DDM_subject51   0.9632   3.9269   0.2796   1.5675   0.3086   0.0000 -55.2310   0.0040       ML
 flanker_std_DDM_subject510   1.7390   4.1057   0.3055   2.7816   0.3136   0.0000 -44.1332   0.0040       ML
 flanker_std_DDM_subject511   1.5180   5.0408   0.3522   2.0298   0.3371   0.0000 -47.0946   0.0050       ML
 flanker_std_DDM_subject513   1.4741   2.5096   0.3243   1.9459   0.3801   0.0000 -16.3093   0.0040       ML
 flanker_std_DDM_subject514   2.2887   4.8858   0.3334   2.8500   0.3051   0.0000 -41.1216   0.0050       ML
 flanker_std_DDM_subject515   1.0378   6.3558   0.3454   2.5148   0.3365   0.0000 -79.5255   0.0060       ML
 flanker_std_DDM_subject516   1.1554   4.4064   0.4389   3.4526   0.4652   0.0000 -71.5303   0.0050       ML
 flanker_std_DDM_subject517   1.2019   5.7141   0.3325   3.0261   0.3365   0.0000 -76.4583   0.0060       ML
 flanker_std_DDM_subject518   2.6914   5.4773   0.3012   5.4879   0.3750   0.0000 -69.1294   0.0050       ML
 flanker_std_DDM_subject519   2.4161   7.7764   0.2923   5.6053   0.3113   0.0000 -89.9392   0.0050       ML
 flanker_std_DDM_subject52   4.2436   7.2463   0.2542   7.0217   0.3182   0.0000 -75.6224   0.0060       ML
 flanker_std_DDM_subject520   0.9393   5.4230   0.3475   2.6390   0.3790   0.0000 -81.1919   0.0060       ML
 flanker_std_DDM_subject521   1.3142   4.8517   0.3571   3.1337   0.3619   0.0000 -67.4187   0.0040       ML
 flanker_std_DDM_subject522   1.3285   5.6863   0.3228   1.6995   0.2550   0.0000 -52.1543   0.0060       ML
 flanker_std_DDM_subject523   1.5264   4.8349   0.3605   6.2354   0.4603   0.0000 -91.6400   0.0260       ML
 flanker_std_DDM_subject524   1.0687   5.6260   0.3181   3.2013   0.3430   0.0000 -83.2484   0.0050       ML
 flanker_std_DDM_subject525   0.9815   4.3398   0.3373   1.9190   0.3694   0.0000 -63.6833   0.0050       ML
 flanker_std_DDM_subject527   1.8056   4.6636   0.3175   3.8336   0.3915   0.0000 -61.1894   0.0050       ML
 flanker_std_DDM_subject528   1.9536   2.2889   0.3649   2.1319   0.4058   0.0000  -2.9872   0.0040       ML
 flanker_std_DDM_subject529   1.2496   3.8869   0.3666   2.8118   0.3863   0.0000 -56.2624   0.0040       ML
 flanker_std_DDM_subject53   1.0365   7.0193   0.3279   2.8959   0.3325   0.0000 -92.7164   0.0040       ML
 flanker_std_DDM_subject530   1.5267   7.2012   0.3360   2.5290   0.3159   0.0000 -70.9802   0.0070       ML
 flanker_std_DDM_subject531   2.2128   5.7336   0.3046   3.3348   0.3109   0.0000 -56.3920   0.0090       ML
 flanker_std_DDM_subject533   1.3808   2.8831   0.4205   2.2890   0.4703   0.0000 -32.0572   0.0080       ML
 flanker_std_DDM_subject534   5.1839   9.3422   0.2022   9.2821   0.2649   0.0000 -94.8725   0.0090       ML
 flanker_std_DDM_subject535   2.6123   4.0883   0.2509   4.3641   0.3478   0.0000 -46.2000   0.0080       ML
 flanker_std_DDM_subject536   1.3425   4.2032   0.3885   2.9532   0.4922   0.0000 -57.9926   0.0050       ML
 flanker_std_DDM_subject537   1.2741   4.8947   0.3023   3.6880   0.3415   0.0000 -75.9425   0.0050       ML
 flanker_std_DDM_subject538   1.4033   5.0945   0.3790   3.5142   0.3730   0.0000 -71.3270   0.0050       ML
 flanker_std_DDM_subject539   1.4170   3.5706   0.4062   3.3926   0.5015   0.0000 -54.6138   0.0040       ML
 flanker_std_DDM_subject54   3.0829   7.1879   0.3344   7.6240   0.4454   0.0000 -91.5509   0.0050       ML
 flanker_std_DDM_subject540   2.0339   5.4130   0.3986   4.2697   0.4555   0.0000 -67.4271   0.0050       ML
 flanker_std_DDM_subject541   1.4020   4.4970   0.4265   4.5973   0.5077   0.0000 -78.7271   0.0060       ML
 flanker_std_DDM_subject543   1.8013   3.6719   0.3280   2.6901   0.4027   0.0000 -36.1283   0.0050       ML
 flanker_std_DDM_subject544   9.9997  15.0221   0.1581   9.0796   0.0596   0.0000 -94.6309   0.0090       ML
 flanker_std_DDM_subject545   9.9995  11.0358   0.1229  10.4756   0.1194   0.0000 -85.5183   0.0080       ML
 flanker_std_DDM_subject546   0.9559   5.3954   0.3833   4.2416   0.4172   0.0000 -99.7823   0.0070       ML
 flanker_std_DDM_subject550   1.1362   5.3860   0.2928   2.7797   0.3221   0.0000 -75.1017   0.0050       ML
 flanker_std_DDM_subject551   1.4224   2.9491   0.3750   3.6722   0.4563   0.0000 -49.5528   0.0050       ML
 flanker_std_DDM_subject552   1.7867   5.5697   0.4244   3.7762   0.4977   0.0000 -69.6227   0.0050       ML
 flanker_std_DDM_subject554   3.7171   6.5431   0.3138   5.3372   0.3633   0.0000 -63.2164   0.0050       ML
 flanker_std_DDM_subject555   1.5796   7.6773   0.3170   4.7837   0.3119   0.0000 -98.6534   0.0050       ML
 flanker_std_DDM_subject556   1.0214   5.4240   0.3169   2.0465   0.3129   0.0000 -71.5535   0.0050       ML
 flanker_std_DDM_subject557   1.1279   4.6328   0.4161   1.9162   0.4357   0.0000 -57.9503   0.0050       ML
 flanker_std_DDM_subject558   1.2240   3.0477   0.4329   1.6505   0.4259   0.0000 -29.1941   0.0040       ML
 flanker_std_DDM_subject559   1.2374   5.1162   0.3575   2.5093   0.3530   0.0000 -65.6793   0.0050       ML
 flanker_std_DDM_subject56   2.9066   7.1719   0.2761   5.8863   0.3016   0.0000 -81.7555   0.0060       ML
 flanker_std_DDM_subject560   1.5780   5.6055   0.3284   4.4983   0.3550   0.0000 -81.7465   0.0070       ML
 flanker_std_DDM_subject561   1.4452   5.3689   0.3908   4.2093   0.4503   0.0000 -80.8597   0.0040       ML
 flanker_std_DDM_subject562   1.3282   4.0878   0.2923   3.1841   0.3233   0.0000 -61.3829   0.0050       ML
 flanker_std_DDM_subject563   1.2699   3.5632   0.3024   2.5592   0.3395   0.0000 -48.3008   0.0050       ML
 flanker_std_DDM_subject564   8.0994   5.2174   0.0173   4.8502   0.0620   0.0000 -21.8234   0.0090       ML
 flanker_std_DDM_subject565   9.9917  14.4875   0.1437  13.4293   0.1757   0.0000 -111.3951   0.0170       ML
 flanker_std_DDM_subject566   1.5214   4.6835   0.4143   5.4850   0.5166   0.0000 -84.7427   0.0060       ML
 flanker_std_DDM_subject567   2.0300   2.6918   0.4007   2.5889   0.5539   0.0000 -16.3753   0.0040       ML
 flanker_std_DDM_subject57   1.4267   4.4428   0.3340   3.1367   0.3529   0.0000 -60.1845   0.0040       ML
 flanker_std_DDM_subject58   1.3341   4.0223   0.4912   3.7703   0.5750   0.0000 -66.3370   0.0050       ML
 flanker_std_DDM_subject6   1.1287   4.0988   0.3665   3.4213   0.4064   0.0000 -70.9795   0.0050       ML
 flanker_std_DDM_subject60   0.9382   3.3289   0.3477   2.1972   0.3591   0.0000 -56.0841   0.0050       ML
 flanker_std_DDM_subject62   1.2042   2.1301   0.3157   1.2965   0.3408   0.0000  -7.5581   0.0040       ML
 flanker_std_DDM_subject63   1.4669   4.6954   0.3744   2.7387   0.3891   0.0000 -55.3412   0.0040       ML
 flanker_std_DDM_subject64   0.9347   3.6013   0.3267   1.4243   0.3318   0.0000 -48.2129   0.0050       ML
 flanker_std_DDM_subject65   3.1972   7.3416   0.2595   6.9782   0.3061   0.0000 -84.4587   0.0070       ML
 flanker_std_DDM_subject66   1.1516   3.4870   0.3540   2.2725   0.3803   0.0000 -46.6388   0.0040       ML
 flanker_std_DDM_subject67   1.6709   2.2894   0.3831   2.2141   0.4503   0.0000 -10.6193   0.0050       ML
 flanker_std_DDM_subject68   2.1950   6.0128   0.3535   5.6704   0.4228   0.0000 -82.5834   0.0050       ML
 flanker_std_DDM_subject69   1.2802   2.2440   0.3637   2.4063   0.4382   0.0000 -24.5050   0.0040       ML
 flanker_std_DDM_subject70   1.1668   4.0645   0.3373   2.0458   0.3559   0.0000 -51.2883   0.0050       ML
 flanker_std_DDM_subject71   3.1855   5.0358   0.3641   4.7969   0.4602   0.0000 -52.9219   0.0040       ML
 flanker_std_DDM_subject72   1.2276   6.5816   0.3562   4.1365   0.3952   0.0000 -96.0089   0.0040       ML
 flanker_std_DDM_subject73   1.6863   1.1879   0.4649   1.2260   0.5334   0.0000  32.4814   0.0030       ML
 flanker_std_DDM_subject75   4.1326   7.0497   0.3238   5.6874   0.3673   0.0000 -65.5354   0.0050       ML
 flanker_std_DDM_subject76   1.5391   4.4190   0.3765   2.9304   0.3792   0.0000 -55.0574   0.0040       ML
 flanker_std_DDM_subject78   1.0997   5.3907   0.4100   2.9437   0.3909   0.0000 -74.0647   0.0050       ML
 flanker_std_DDM_subject8   1.7410   6.2855   0.3452   8.2829   0.4780   0.0000 -110.3329   0.0060       ML
 flanker_std_DDM_subject80   2.8404   6.2905   0.2757   8.0066   0.4038   0.0000 -90.7040   0.0080       ML
 flanker_std_DDM_subject81   1.2328   3.5082   0.3993   2.9526   0.4033   0.0000 -54.3494   0.0130       ML
 flanker_std_DDM_subject83   1.6502   6.3927   0.3251   3.2861   0.2906   0.0000 -72.5764   0.0050       ML
 flanker_std_DDM_subject84   9.9013   9.5972   0.0004   9.2195   0.0570   0.0000 -74.3420   0.0060       ML
 flanker_std_DDM_subject85   1.6553   5.9226   0.3835   5.8188   0.4395   0.0000 -94.1449   0.0050       ML
 flanker_std_DDM_subject86   1.3446   4.0081   0.3878   2.4082   0.4163   0.0000 -48.8229   0.0040       ML
 flanker_std_DDM_subject88   3.5219   7.6858   0.3182   5.3708   0.2985   0.0000 -72.9923   0.0050       ML
 flanker_std_DDM_subject91   2.1981   6.0156   0.3800   4.8226   0.4257   0.0000 -75.2261   0.0070       ML
 flanker_std_DDM_subject92   1.1939   4.2834   0.3295   2.5661   0.3760   0.0000 -61.9030   0.0060       ML
 flanker_std_DDM_subject93   1.4879   3.0404   0.3224   2.3930   0.3266   0.0000 -31.3782   0.0040       ML
 flanker_std_DDM_subject94   1.1773   2.9505   0.3233   1.1788   0.3078   0.0000 -19.9612   0.0060       ML
 flanker_std_DDM_subject95   1.4890   2.3410   0.3597   2.8274   0.4068   0.0000 -26.3605   0.0060       ML
 flanker_std_DDM_subject96   1.4538   5.0085   0.3831   4.5565   0.4360   0.0000 -81.0150   0.0070       ML
 flanker_std_DDM_subject97   1.1909   4.6719   0.3564   1.1151   0.3139   0.0000 -37.5521   0.0060       ML
 flanker_std_DDM_subject98   1.1683   6.2849   0.3899   5.9551   0.4550   0.0000 -112.1076   0.0060       ML
